This is pdfTeX, Version 3.141592653-2.6-1.40.24 (TeX Live 2022) (preloaded format=pdflatex 2022.5.17)  14 JUN 2022 10:37
entering extended mode
 restricted \write18 enabled.
 file:line:error style messages enabled.
 %&-line parsing enabled.
**/Users/sadi/Desktop/AP2.git/Geiger-Mueller/latex-template/v703/v703.tex
(/Users/sadi/Desktop/AP2.git/Geiger-Mueller/latex-template/v703/v703.tex
LaTeX2e <2021-11-15> patch level 1
L3 programming layer <2022-05-04>

! LaTeX Error: File `header.tex' not found.

Type X to quit or <RETURN> to proceed,
or enter new name. (Default extension: tex)

Enter file name: 
/Users/sadi/Desktop/AP2.git/Geiger-Mueller/latex-template/v703/v703.tex:1: Emergency stop.
<read *> 
         
l.1 \input{header.tex}
                      ^^M
*** (cannot \read from terminal in nonstop modes)

 
Here is how much of TeX's memory you used:
 20 strings out of 478300
 596 string characters out of 5845125
 289979 words of memory out of 5000000
 18295 multiletter control sequences out of 15000+600000
 469259 words of font info for 28 fonts, out of 8000000 for 9000
 1141 hyphenation exceptions out of 8191
 16i,0n,26p,124b,18s stack positions out of 10000i,1000n,20000p,200000b,200000s
/Users/sadi/Desktop/AP2.git/Geiger-Mueller/latex-template/v703/v703.tex:1:  ==> Fatal error occurred, no output PDF file produced!
